<?xml version="1.0" encoding="UTF-8"?>
<!-- Generated by org.testng.reporters.JUnitReportReporter -->
<testsuite hostname="DESKTOP-L344EMN" failures="0" tests="2" name="qaclickacademy.SeleniumTest" time="0.002" errors="0" timestamp="2021-06-23T15:22:55 IST" skipped="0">
  <testcase classname="qaclickacademy.SeleniumTest" name="elementsUI" time="0.001"/>
  <system-out/>
  <testcase classname="qaclickacademy.SeleniumTest" name="browserAutomation" time="0.001"/>
  <system-out/>
</testsuite> <!-- qaclickacademy.SeleniumTest -->
